<?xml version="1.0" encoding="UTF-8"?>
<!-- Generated by org.testng.reporters.JUnitReportReporter -->
<testsuite skipped="0" hostname="LAPTOP-UT5RV267" name="com.automate.jqueryui.AutomateJQuaryui" tests="1" failures="0" timestamp="10 Oct 2018 12:11:45 GMT" time="54.472" errors="0">
  <testcase name="automateJquryuiWebsite" time="54.472" classname="com.automate.jqueryui.AutomateJQuaryui"/>
</testsuite> <!-- com.automate.jqueryui.AutomateJQuaryui -->
