<?xml version="1.0" encoding="UTF-8"?>
<!-- Generated by org.testng.reporters.JUnitReportReporter -->
<testsuite skipped="0" hostname="LAPTOP-UT5RV267" name="com.my_global_library.MyGlobalSeleniumLibrary" tests="1" failures="0" timestamp="11 Jul 2018 16:29:44 GMT" time="7.921" errors="0">
  <testcase name="automateUnitedWebsite" time="7.921" classname="com.my_global_library.MyGlobalSeleniumLibrary"/>
</testsuite> <!-- com.my_global_library.MyGlobalSeleniumLibrary -->
