<?xml version="1.0" encoding="UTF-8"?>
<!-- Generated by org.testng.reporters.JUnitReportReporter -->
<testsuite skipped="0" hostname="LAPTOP-UT5RV267" name="com.automate.jqueryui.AutomateJQuaryuiTest" tests="1" failures="0" timestamp="22 Dec 2018 01:02:01 GMT" time="77.114" errors="0">
  <testcase name="automateJquryuiWebsite" time="77.114" classname="com.automate.jqueryui.AutomateJQuaryuiTest"/>
</testsuite> <!-- com.automate.jqueryui.AutomateJQuaryuiTest -->
