<?xml version="1.0" encoding="UTF-8"?>
<!-- Generated by org.testng.reporters.JUnitReportReporter -->
<testsuite skipped="1" hostname="LAPTOP-UT5RV267" name="com.costco.automate.AutomateCostcoWebsite" tests="2" failures="0" timestamp="17 Jul 2018 18:58:32 GMT" time="22.989" errors="0">
  <testcase name="costcoWebsiteTest2" time="22.989" classname="com.costco.automate.AutomateCostcoWebsite"/>
  <testcase name="costcoWebsiteTest1" classname="com.costco.automate.AutomateCostcoWebsite">
    <skipped/>
  </testcase> <!-- costcoWebsiteTest1 -->
</testsuite> <!-- com.costco.automate.AutomateCostcoWebsite -->
