<?xml version="1.0" encoding="UTF-8"?>
<!-- Generated by org.testng.reporters.JUnitReportReporter -->
<testsuite skipped="0" hostname="LAPTOP-UT5RV267" name="com.united.test.AutomateUnitedWebsite" tests="1" failures="0" timestamp="17 Jul 2018 18:15:34 GMT" time="54.053" errors="0">
  <testcase name="unitedTest" time="54.053" classname="com.united.test.AutomateUnitedWebsite"/>
</testsuite> <!-- com.united.test.AutomateUnitedWebsite -->
