<?xml version="1.0" encoding="UTF-8"?>
<!-- Generated by org.testng.reporters.JUnitReportReporter -->
<testsuite skipped="0" hostname="LAPTOP-UT5RV267" name="com.automate.newtour.NewtourTests" tests="1" failures="0" timestamp="14 Aug 2018 22:49:31 GMT" time="12.060" errors="0">
  <testcase name="newtourregistration" time="12.060" classname="com.automate.newtour.NewtourTests"/>
</testsuite> <!-- com.automate.newtour.NewtourTests -->
